<?xml version="1.0" encoding="UTF-8"?>
<!-- Generated by org.testng.reporters.JUnitReportReporter -->
<testsuite skipped="0" hostname="IBM-Testing01" name="Logout" tests="1" failures="0" timestamp="28 Dec 2019 12:45:07 GMT" time="1.090" errors="0">
  <testcase name="f" time="1.090" classname="Logout"/>
</testsuite> <!-- Logout -->
