<?xml version="1.0" encoding="UTF-8"?>
<!-- Generated by org.testng.reporters.JUnitReportReporter -->
<testsuite skipped="0" hostname="IBM-Testing01" name="addAdvertisement" tests="1" failures="0" timestamp="29 Dec 2019 15:14:06 GMT" time="18.223" errors="0">
  <testcase name="f" time="18.223" classname="addAdvertisement"/>
</testsuite> <!-- addAdvertisement -->
